# JRE version: OpenJDK Runtime Environment Temurin-21.0.7+6 (21.0.7+6) (build 21.0.7+6-LTS)
# Java VM: OpenJDK 64-Bit Server VM Temurin-21.0.7+6 (21.0.7+6-LTS, mixed mode, emulated-client, sharing, tiered, compressed oops, compressed class ptrs, g1 gc, windows-amd64)
GC Precious Log:
 CardTable entry size: 512
 Card Set container configuration: InlinePtr #cards 4 size 8 Array Of Cards #cards 16 size 48 Howl #buckets 8 coarsen threshold 3686 Howl Bitmap #cards 512 size 80 coarsen threshold 460 Card regions per heap region 1 cards per card region 4096
 CPUs: 8 total, 8 available
 Memory: 15931M
 Large Page Support: Disabled
 NUMA Support: Disabled
 Compressed Oops: Enabled (Zero based)
 Heap Region Size: 2M
 Heap Min Capacity: 8M
 Heap Initial Capacity: 250M
 Heap Max Capacity: 3984M
 Pre-touch: Disabled
 Parallel Workers: 8
 Concurrent Workers: 2
 Concurrent Refinement Workers: 8
 Periodic GC: Disabled
Heap:
 garbage-first heap   total 81920K, used 66130K [0x0000000707000000, 0x0000000800000000)
  region size 2048K, 23 young (47104K), 3 survivors (6144K)
 Metaspace       used 56695K, committed 57600K, reserved 1114112K
  class space    used 7146K, committed 7552K, reserved 1048576K
GC Heap History (20 events):
Event: 4199.262 GC heap after
{Heap after GC invocations=214 (full 91):
 garbage-first heap   total 81920K, used 27037K [0x0000000707000000, 0x0000000800000000)
  region size 2048K, 3 young (6144K), 3 survivors (6144K)
 Metaspace       used 56794K, committed 57600K, reserved 1114112K
  class space    used 7160K, committed 7552K, reserved 1048576K
}
Event: 4337.412 GC heap before
{Heap before GC invocations=214 (full 91):
 garbage-first heap   total 81920K, used 65949K [0x0000000707000000, 0x0000000800000000)
  region size 2048K, 22 young (45056K), 3 survivors (6144K)
 Metaspace       used 56841K, committed 57600K, reserved 1114112K
  class space    used 7172K, committed 7552K, reserved 1048576K
}
Event: 4337.415 GC heap after
{Heap after GC invocations=215 (full 91):
 garbage-first heap   total 81920K, used 26890K [0x0000000707000000, 0x0000000800000000)
  region size 2048K, 2 young (4096K), 2 survivors (4096K)
 Metaspace       used 56841K, committed 57600K, reserved 1114112K
  class space    used 7172K, committed 7552K, reserved 1048576K
}
Event: 4345.187 GC heap before
{Heap before GC invocations=215 (full 91):
 garbage-first heap   total 81920K, used 59658K [0x0000000707000000, 0x0000000800000000)
  region size 2048K, 19 young (38912K), 2 survivors (4096K)
 Metaspace       used 57002K, committed 57792K, reserved 1114112K
  class space    used 7187K, committed 7552K, reserved 1048576K
}
Event: 4345.223 GC heap after
{Heap after GC invocations=216 (full 92):
 garbage-first heap   total 81920K, used 21793K [0x0000000707000000, 0x0000000800000000)
  region size 2048K, 0 young (0K), 0 survivors (0K)
 Metaspace       used 56243K, committed 57600K, reserved 1114112K
  class space    used 7093K, committed 7552K, reserved 1048576K
}
Event: 4346.518 GC heap before
{Heap before GC invocations=216 (full 92):
 garbage-first heap   total 81920K, used 64801K [0x0000000707000000, 0x0000000800000000)
  region size 2048K, 22 young (45056K), 0 survivors (0K)
 Metaspace       used 56423K, committed 57600K, reserved 1114112K
  class space    used 7114K, committed 7552K, reserved 1048576K
}
Event: 4346.520 GC heap after
{Heap after GC invocations=217 (full 92):
 garbage-first heap   total 81920K, used 25673K [0x0000000707000000, 0x0000000800000000)
  region size 2048K, 2 young (4096K), 2 survivors (4096K)
 Metaspace       used 56423K, committed 57600K, reserved 1114112K
  class space    used 7114K, committed 7552K, reserved 1048576K
}
Event: 4409.174 GC heap before
{Heap before GC invocations=217 (full 92):
 garbage-first heap   total 81920K, used 42057K [0x0000000707000000, 0x0000000800000000)
  region size 2048K, 11 young (22528K), 2 survivors (4096K)
 Metaspace       used 56428K, committed 57600K, reserved 1114112K
  class space    used 7116K, committed 7552K, reserved 1048576K
}
Event: 4409.201 GC heap after
{Heap after GC invocations=218 (full 93):
 garbage-first heap   total 81920K, used 21807K [0x0000000707000000, 0x0000000800000000)
  region size 2048K, 0 young (0K), 0 survivors (0K)
 Metaspace       used 56409K, committed 57600K, reserved 1114112K
  class space    used 7112K, committed 7552K, reserved 1048576K
}
Event: 4409.507 GC heap before
{Heap before GC invocations=218 (full 93):
 garbage-first heap   total 81920K, used 62767K [0x0000000707000000, 0x0000000800000000)
  region size 2048K, 21 young (43008K), 0 survivors (0K)
 Metaspace       used 56570K, committed 57600K, reserved 1114112K
  class space    used 7129K, committed 7552K, reserved 1048576K
}
Event: 4409.509 GC heap after
{Heap after GC invocations=219 (full 93):
 garbage-first heap   total 81920K, used 25487K [0x0000000707000000, 0x0000000800000000)
  region size 2048K, 2 young (4096K), 2 survivors (4096K)
 Metaspace       used 56570K, committed 57600K, reserved 1114112K
  class space    used 7129K, committed 7552K, reserved 1048576K
}
Event: 4421.202 GC heap before
{Heap before GC invocations=219 (full 93):
 garbage-first heap   total 81920K, used 35727K [0x0000000707000000, 0x0000000800000000)
  region size 2048K, 8 young (16384K), 2 survivors (4096K)
 Metaspace       used 56576K, committed 57600K, reserved 1114112K
  class space    used 7131K, committed 7552K, reserved 1048576K
}
Event: 4421.234 GC heap after
{Heap after GC invocations=220 (full 94):
 garbage-first heap   total 81920K, used 21807K [0x0000000707000000, 0x0000000800000000)
  region size 2048K, 0 young (0K), 0 survivors (0K)
 Metaspace       used 56250K, committed 57600K, reserved 1114112K
  class space    used 7095K, committed 7552K, reserved 1048576K
}
Event: 4421.990 GC heap before
{Heap before GC invocations=220 (full 94):
 garbage-first heap   total 81920K, used 64815K [0x0000000707000000, 0x0000000800000000)
  region size 2048K, 22 young (45056K), 0 survivors (0K)
 Metaspace       used 56417K, committed 57600K, reserved 1114112K
  class space    used 7115K, committed 7552K, reserved 1048576K
}
Event: 4421.993 GC heap after
{Heap after GC invocations=221 (full 94):
 garbage-first heap   total 81920K, used 25602K [0x0000000707000000, 0x0000000800000000)
  region size 2048K, 2 young (4096K), 2 survivors (4096K)
 Metaspace       used 56417K, committed 57600K, reserved 1114112K
  class space    used 7115K, committed 7552K, reserved 1048576K
}
Event: 4434.700 GC heap before
{Heap before GC invocations=221 (full 94):
 garbage-first heap   total 81920K, used 33794K [0x0000000707000000, 0x0000000800000000)
  region size 2048K, 7 young (14336K), 2 survivors (4096K)
 Metaspace       used 56436K, committed 57600K, reserved 1114112K
  class space    used 7117K, committed 7552K, reserved 1048576K
}
Event: 4434.728 GC heap after
{Heap after GC invocations=222 (full 95):
 garbage-first heap   total 81920K, used 21846K [0x0000000707000000, 0x0000000800000000)
  region size 2048K, 0 young (0K), 0 survivors (0K)
 Metaspace       used 56417K, committed 57600K, reserved 1114112K
  class space    used 7114K, committed 7552K, reserved 1048576K
}
Event: 4448.398 GC heap before
{Heap before GC invocations=222 (full 95):
 garbage-first heap   total 81920K, used 64854K [0x0000000707000000, 0x0000000800000000)
  region size 2048K, 22 young (45056K), 0 survivors (0K)
 Metaspace       used 56557K, committed 57600K, reserved 1114112K
  class space    used 7130K, committed 7552K, reserved 1048576K
}
Event: 4448.401 GC heap after
{Heap after GC invocations=223 (full 95):
 garbage-first heap   total 81920K, used 25170K [0x0000000707000000, 0x0000000800000000)
  region size 2048K, 2 young (4096K), 2 survivors (4096K)
 Metaspace       used 56557K, committed 57600K, reserved 1114112K
  class space    used 7130K, committed 7552K, reserved 1048576K
}
Event: 4456.141 GC heap before
{Heap before GC invocations=223 (full 95):
 garbage-first heap   total 81920K, used 64082K [0x0000000707000000, 0x0000000800000000)
  region size 2048K, 22 young (45056K), 2 survivors (4096K)
 Metaspace       used 56695K, committed 57600K, reserved 1114112K
  class space    used 7146K, committed 7552K, reserved 1048576K
}

